TN:
SF:operation.js
FN:1,add
FN:4,subtract
FNF:2
FNH:2
FNDA:1,add
FNDA:1,subtract
DA:2,1
DA:5,1
DA:7,1
LF:3
LH:3
BRF:0
BRH:0
end_of_record
TN:
SF:WebApplication\Scripts\operation2.js
FN:1,multiply
FN:4,divide
FNF:2
FNH:2
FNDA:1,multiply
FNDA:1,divide
DA:2,1
DA:5,1
DA:7,1
LF:3
LH:3
BRF:0
BRH:0
end_of_record
TN:
SF:src\operation3.js
FN:1,modulus
FNF:1
FNH:1
FNDA:1,modulus
DA:2,1
DA:4,1
LF:2
LH:2
BRF:0
BRH:0
end_of_record
TN:
SF:web.application\scripts\operation4.js
FN:1,power
FNF:1
FNH:1
FNDA:1,power
DA:2,1
DA:4,1
LF:2
LH:2
BRF:0
BRH:0
end_of_record
